<?xml version="1.0" encoding="UTF-8"?>
<!-- Generated by org.testng.reporters.JUnitXMLReporter -->
<testsuite hostname="UE-B-NOTE-0052.local" name="FreeNowApiTests" tests="2" failures="1" timestamp="6 Jan 2021 15:49:55 GMT" time="3.957" errors="0">
  <testcase name="validateUserName" time="2.295" classname="apiTests.WorkflowTest">
    <failure type="java.lang.AssertionError" message="expected [null] but found [Samantha]">
      <![CDATA[java.lang.AssertionError: expected [null] but found [Samantha]
	at assertions.ValidationCaller.verifyUserName(ValidationCaller.java:28)
	at apiTests.WorkflowTest.validateUserName(WorkflowTest.java:15)
... Removed 29 stack frames]]>
    </failure>
  </testcase> <!-- validateUserName -->
  <testcase name="validateUserPosts" time="1.652" classname="apiTests.WorkflowTest"/>
</testsuite> <!-- FreeNowApiTests -->
